<testsuites>
	<testsuite id="1" tests="1" failures="1" package="C:\Karthik\Repositories\GaugeFrameWork\specs\Login.spec" time="4.636" timestamp="2018-08-15T16:57:13" name="User Creation &amp; User Login" errors="0" hostname="DESKTOP-TELPMTR">
		<properties></properties>
		<testcase classname="User Creation &amp; User Login" name="Test AdminLevel, Hive, JobPosition Validations for all 3 Directors" time="4.636">
			<failure message="Login as SuperUser&#xA;Step Execution Failure: &#39;org.openqa.selenium.NoSuchElementException: no such element: Unable to locate element: {&#34;method&#34;:&#34;class name&#34;,&#34;selector&#34;:&#34;menu-staff-right&#34;}&#xA;  (Session info: chrome=68.0.3440.106)&#xA;  (Driver info: chromedriver=2.41.578737 (49da6702b16031c40d63e5618de03a32ff6c197e),platform=Windows NT 10.0.17134 x86_64) (WARNING: The server did not provide any stacktrace information)&#xA;Command duration or timeout: 24 milliseconds&#xA;For documentation on this error, please visit: http://seleniumhq.org/exceptions/no_such_element.html&#xA;Build info: version: &#39;3.0.1&#39;, revision: &#39;1969d75&#39;, time: &#39;2016-10-18 09:49:13 -0700&#39;&#xA;System info: host: &#39;DESKTOP-TELPMTR&#39;, ip: &#39;172.16.1.159&#39;, os.name: &#39;Windows 10&#39;, os.arch: &#39;amd64&#39;, os.version: &#39;10.0&#39;, java.version: &#39;1.8.0_181&#39;&#xA;Driver info: org.openqa.selenium.chrome.ChromeDriver&#xA;Capabilities [{mobileEmulationEnabled=false, hasTouchScreen=false, platform=XP, acceptSslCerts=false, goog:chromeOptions={debuggerAddress=localhost:65260}, acceptInsecureCerts=false, webStorageEnabled=true, browserName=chrome, takesScreenshot=true, javascriptEnabled=true, setWindowRect=true, unexpectedAlertBehaviour=, applicationCacheEnabled=false, rotatable=false, networkConnectionEnabled=false, chrome={chromedriverVersion=2.41.578737 (49da6702b16031c40d63e5618de03a32ff6c197e), userDataDir=C:\Users\KARTHI~1\AppData\Local\Temp\scoped_dir12900_31457}, takesHeapSnapshot=true, pageLoadStrategy=normal, databaseEnabled=false, handlesAlerts=true, version=68.0.3440.106, browserConnectionEnabled=false, nativeEvents=true, locationContextEnabled=true, cssSelectorsEnabled=true}]&#xA;Session ID: d662664b9dc41722c783d4e5afdbc02c&#xA;*** Element info: {Using=class name, value=menu-staff-right}&#39;" type="Login as SuperUser&#xA;Step Execution Failure: &#39;org.openqa.selenium.NoSuchElementException: no such element: Unable to locate element: {&#34;method&#34;:&#34;class name&#34;,&#34;selector&#34;:&#34;menu-staff-right&#34;}&#xA;  (Session info: chrome=68.0.3440.106)&#xA;  (Driver info: chromedriver=2.41.578737 (49da6702b16031c40d63e5618de03a32ff6c197e),platform=Windows NT 10.0.17134 x86_64) (WARNING: The server did not provide any stacktrace information)&#xA;Command duration or timeout: 24 milliseconds&#xA;For documentation on this error, please visit: http://seleniumhq.org/exceptions/no_such_element.html&#xA;Build info: version: &#39;3.0.1&#39;, revision: &#39;1969d75&#39;, time: &#39;2016-10-18 09:49:13 -0700&#39;&#xA;System info: host: &#39;DESKTOP-TELPMTR&#39;, ip: &#39;172.16.1.159&#39;, os.name: &#39;Windows 10&#39;, os.arch: &#39;amd64&#39;, os.version: &#39;10.0&#39;, java.version: &#39;1.8.0_181&#39;&#xA;Driver info: org.openqa.selenium.chrome.ChromeDriver&#xA;Capabilities [{mobileEmulationEnabled=false, hasTouchScreen=false, platform=XP, acceptSslCerts=false, goog:chromeOptions={debuggerAddress=localhost:65260}, acceptInsecureCerts=false, webStorageEnabled=true, browserName=chrome, takesScreenshot=true, javascriptEnabled=true, setWindowRect=true, unexpectedAlertBehaviour=, applicationCacheEnabled=false, rotatable=false, networkConnectionEnabled=false, chrome={chromedriverVersion=2.41.578737 (49da6702b16031c40d63e5618de03a32ff6c197e), userDataDir=C:\Users\KARTHI~1\AppData\Local\Temp\scoped_dir12900_31457}, takesHeapSnapshot=true, pageLoadStrategy=normal, databaseEnabled=false, handlesAlerts=true, version=68.0.3440.106, browserConnectionEnabled=false, nativeEvents=true, locationContextEnabled=true, cssSelectorsEnabled=true}]&#xA;Session ID: d662664b9dc41722c783d4e5afdbc02c&#xA;*** Element info: {Using=class name, value=menu-staff-right}&#39;">sun.reflect.NativeConstructorAccessorImpl.newInstance0(Native Method)&#xA;sun.reflect.NativeConstructorAccessorImpl.newInstance(NativeConstructorAccessorImpl.java:62)&#xA;sun.reflect.DelegatingConstructorAccessorImpl.newInstance(DelegatingConstructorAccessorImpl.java:45)&#xA;java.lang.reflect.Constructor.newInstance(Constructor.java:423)&#xA;org.openqa.selenium.remote.ErrorHandler.createThrowable(ErrorHandler.java:216)&#xA;org.openqa.selenium.remote.ErrorHandler.throwIfResponseFailed(ErrorHandler.java:168)&#xA;org.openqa.selenium.remote.RemoteWebDriver.execute(RemoteWebDriver.java:635)&#xA;org.openqa.selenium.remote.RemoteWebDriver.findElement(RemoteWebDriver.java:368)&#xA;org.openqa.selenium.remote.RemoteWebDriver.findElementByClassName(RemoteWebDriver.java:457)&#xA;org.openqa.selenium.By$ByClassName.findElement(By.java:391)&#xA;org.openqa.selenium.remote.RemoteWebDriver.findElement(RemoteWebDriver.java:360)&#xA;Gauge.StepImplementation.LoginSuperUser(StepImplementation.java:52)&#xA;</failure>
		</testcase>
		<system-out></system-out>
		<system-err></system-err>
	</testsuite>
</testsuites>